d:\visualcodes\cpusimulator1\cpusimulator1\x64\debug\vc143.pdb
d:\visualcodes\cpusimulator1\cpusimulator1\x64\debug\vc143.idb
d:\visualcodes\cpusimulator1\cpusimulator1\x64\debug\source.obj
d:\visualcodes\cpusimulator1\cpusimulator1\x64\debug\register.obj
d:\visualcodes\cpusimulator1\cpusimulator1\x64\debug\ram.obj
d:\visualcodes\cpusimulator1\cpusimulator1\x64\debug\decoder.obj
d:\visualcodes\cpusimulator1\cpusimulator1\x64\debug\cpu.obj
d:\visualcodes\cpusimulator1\cpusimulator1\x64\debug\condition.obj
d:\visualcodes\cpusimulator1\cpusimulator1\x64\debug\cmdunit.obj
d:\visualcodes\cpusimulator1\cpusimulator1\x64\debug\alu.obj
d:\visualcodes\cpusimulator1\x64\debug\cpusimulator1.exe
d:\visualcodes\cpusimulator1\cpusimulator1\x64\debug\cpusimulator1.ilk
d:\visualcodes\cpusimulator1\x64\debug\cpusimulator1.pdb
d:\visualcodes\cpusimulator1\cpusimulator1\x64\debug\cpu.obj.enc
d:\visualcodes\cpusimulator1\cpusimulator1\x64\debug\decoder.obj.enc
d:\visualcodes\cpusimulator1\cpusimulator1\x64\debug\cpusimulator1.tlog\cl.command.1.tlog
d:\visualcodes\cpusimulator1\cpusimulator1\x64\debug\cpusimulator1.tlog\cl.read.1.tlog
d:\visualcodes\cpusimulator1\cpusimulator1\x64\debug\cpusimulator1.tlog\cl.write.1.tlog
d:\visualcodes\cpusimulator1\cpusimulator1\x64\debug\cpusimulator1.tlog\link.command.1.tlog
d:\visualcodes\cpusimulator1\cpusimulator1\x64\debug\cpusimulator1.tlog\link.read.1.tlog
d:\visualcodes\cpusimulator1\cpusimulator1\x64\debug\cpusimulator1.tlog\link.write.1.tlog
